<?xml version="1.0" encoding="UTF-8"?>
<!-- Generated by org.testng.reporters.JUnitReportReporter -->
<testsuite skipped="0" hostname="DESKTOP-CV78P72" name="com.qa.fw.test.LoginTest" tests="1" failures="0" timestamp="07 Jan 2020 17:15:52 GMT" time="10.662" errors="0">
  <testcase name="loginTest" time="10.662" classname="com.qa.fw.test.LoginTest"/>
</testsuite> <!-- com.qa.fw.test.LoginTest -->
